SF:lib\theme\app_colours.dart
DA:4,0
LF:1
LH:0
end_of_record
SF:lib\main.dart
DA:6,0
DA:7,0
DA:11,2
DA:13,1
DA:15,1
DA:18,1
DA:21,1
DA:22,1
DA:29,1
DA:30,1
DA:31,1
DA:44,1
LF:12
LH:10
end_of_record
SF:lib\componets\button.dart
DA:14,1
DA:26,1
DA:31,1
DA:43,1
DA:45,1
DA:46,4
DA:47,2
DA:48,2
DA:49,1
DA:50,1
DA:51,1
DA:52,1
DA:60,1
DA:61,1
DA:62,1
DA:63,5
DA:64,1
DA:65,3
LF:18
LH:18
end_of_record
SF:lib\util\extensions.dart
DA:5,2
DA:7,3
LF:2
LH:2
end_of_record
SF:lib\componets\expanded_view.dart
DA:4,1
DA:8,1
DA:13,1
DA:15,1
DA:16,1
DA:17,1
DA:18,1
DA:20,1
DA:22,1
LF:9
LH:9
end_of_record
SF:lib\view\home.dart
DA:9,1
DA:11,1
DA:12,1
DA:20,1
DA:22,1
DA:23,2
DA:24,2
DA:27,0
DA:29,0
DA:30,0
DA:31,0
DA:34,1
DA:35,2
DA:36,5
DA:37,1
DA:40,0
DA:41,0
DA:42,0
DA:43,0
DA:46,1
DA:47,4
DA:48,2
DA:51,1
DA:52,2
DA:53,1
DA:54,1
DA:55,1
DA:56,2
DA:61,1
DA:63,1
DA:64,1
DA:65,1
DA:67,1
DA:68,1
DA:71,1
DA:72,1
DA:73,2
DA:74,1
DA:75,1
DA:76,1
DA:77,1
DA:79,1
DA:81,1
DA:82,1
DA:83,1
DA:85,1
DA:91,1
DA:95,1
DA:97,1
DA:99,2
DA:100,1
DA:101,1
DA:103,2
DA:112,1
DA:114,1
DA:116,1
DA:117,1
DA:118,1
DA:122,1
DA:123,1
DA:131,1
DA:132,2
DA:133,1
DA:134,1
DA:135,1
DA:136,1
DA:137,0
DA:138,1
DA:140,5
LF:69
LH:60
end_of_record
